{"D:\\MyBlog\\LoveandJoy\\src\\app\\admin-secret.ts": {"path":"D:\\MyBlog\\LoveandJoy\\src\\app\\admin-secret.ts","statementMap":{"0":{"start":{"line":18,"column":0},"end":{"line":18,"column":16}},"1":{"start":{"line":31,"column":0},"end":{"line":31,"column":7}},"2":{"start":{"line":47,"column":0},"end":{"line":47,"column":7}},"3":{"start":{"line":62,"column":0},"end":{"line":62,"column":7}},"4":{"start":{"line":83,"column":0},"end":{"line":83,"column":7}},"5":{"start":{"line":123,"column":0},"end":{"line":123,"column":7}},"6":{"start":{"line":143,"column":0},"end":{"line":143,"column":7}},"7":{"start":{"line":157,"column":0},"end":{"line":157,"column":7}},"8":{"start":{"line":19,"column":16},"end":{"line":19,"column":106}},"9":{"start":{"line":20,"column":15},"end":{"line":20,"column":17}},"10":{"start":{"line":21,"column":2},"end":{"line":23,"column":3}},"11":{"start":{"line":21,"column":15},"end":{"line":21,"column":16}},"12":{"start":{"line":22,"column":4},"end":{"line":22,"column":69}},"13":{"start":{"line":24,"column":2},"end":{"line":24,"column":16}},"14":{"start":{"line":32,"column":2},"end":{"line":39,"column":3}},"15":{"start":{"line":34,"column":19},"end":{"line":34,"column":67}},"16":{"start":{"line":35,"column":4},"end":{"line":35,"column":18}},"17":{"start":{"line":37,"column":4},"end":{"line":37,"column":38}},"18":{"start":{"line":38,"column":4},"end":{"line":38,"column":16}},"19":{"start":{"line":48,"column":2},"end":{"line":54,"column":3}},"20":{"start":{"line":49,"column":26},"end":{"line":49,"column":50}},"21":{"start":{"line":50,"column":4},"end":{"line":50,"column":39}},"22":{"start":{"line":52,"column":4},"end":{"line":52,"column":36}},"23":{"start":{"line":53,"column":4},"end":{"line":53,"column":17}},"24":{"start":{"line":63,"column":2},"end":{"line":76,"column":3}},"25":{"start":{"line":64,"column":22},"end":{"line":64,"column":41}},"26":{"start":{"line":70,"column":4},"end":{"line":70,"column":43}},"27":{"start":{"line":72,"column":4},"end":{"line":72,"column":21}},"28":{"start":{"line":74,"column":4},"end":{"line":74,"column":39}},"29":{"start":{"line":75,"column":4},"end":{"line":75,"column":16}},"30":{"start":{"line":84,"column":2},"end":{"line":116,"column":3}},"31":{"start":{"line":85,"column":22},"end":{"line":98,"column":6}},"32":{"start":{"line":101,"column":21},"end":{"line":107,"column":6}},"33":{"start":{"line":109,"column":4},"end":{"line":113,"column":5}},"34":{"start":{"line":112,"column":6},"end":{"line":112,"column":58}},"35":{"start":{"line":115,"column":4},"end":{"line":115,"column":40}},"36":{"start":{"line":131,"column":2},"end":{"line":136,"column":3}},"37":{"start":{"line":135,"column":4},"end":{"line":135,"column":38}},"38":{"start":{"line":144,"column":2},"end":{"line":151,"column":3}},"39":{"start":{"line":147,"column":4},"end":{"line":147,"column":17}},"40":{"start":{"line":149,"column":4},"end":{"line":149,"column":40}},"41":{"start":{"line":150,"column":4},"end":{"line":150,"column":17}},"42":{"start":{"line":158,"column":2},"end":{"line":169,"column":3}},"43":{"start":{"line":160,"column":26},"end":{"line":160,"column":50}},"44":{"start":{"line":161,"column":4},"end":{"line":166,"column":5}},"45":{"start":{"line":163,"column":24},"end":{"line":163,"column":43}},"46":{"start":{"line":165,"column":6},"end":{"line":165,"column":45}},"47":{"start":{"line":168,"column":4},"end":{"line":168,"column":40}}},"fnMap":{"0":{"name":"generateSecretKey","decl":{"start":{"line":18,"column":16},"end":{"line":18,"column":33}},"loc":{"start":{"line":18,"column":45},"end":{"line":25,"column":1}}},"1":{"name":"getCurrentSecret","decl":{"start":{"line":31,"column":22},"end":{"line":31,"column":38}},"loc":{"start":{"line":31,"column":38},"end":{"line":40,"column":1}}},"2":{"name":"validateSecret","decl":{"start":{"line":47,"column":22},"end":{"line":47,"column":36}},"loc":{"start":{"line":47,"column":54},"end":{"line":55,"column":1}}},"3":{"name":"updateAdminSecret","decl":{"start":{"line":62,"column":22},"end":{"line":62,"column":39}},"loc":{"start":{"line":62,"column":64},"end":{"line":77,"column":1}}},"4":{"name":"sendSecretUpdateEmail","decl":{"start":{"line":83,"column":22},"end":{"line":83,"column":43}},"loc":{"start":{"line":83,"column":61},"end":{"line":117,"column":1}}},"5":{"name":"logLoginAttempt","decl":{"start":{"line":123,"column":22},"end":{"line":123,"column":37}},"loc":{"start":{"line":130,"column":1},"end":{"line":137,"column":1}}},"6":{"name":"checkSecretUpdateNeeded","decl":{"start":{"line":143,"column":22},"end":{"line":143,"column":45}},"loc":{"start":{"line":143,"column":45},"end":{"line":152,"column":1}}},"7":{"name":"initializeAdminSecret","decl":{"start":{"line":157,"column":22},"end":{"line":157,"column":43}},"loc":{"start":{"line":157,"column":43},"end":{"line":170,"column":1}}}},"branchMap":{"0":{"loc":{"start":{"line":18,"column":34},"end":{"line":18,"column":45}},"type":"default-arg","locations":[{"start":{"line":18,"column":43},"end":{"line":18,"column":45}}]},"1":{"loc":{"start":{"line":34,"column":19},"end":{"line":34,"column":67}},"type":"binary-expr","locations":[{"start":{"line":34,"column":19},"end":{"line":34,"column":43}},{"start":{"line":34,"column":47},"end":{"line":34,"column":67}}]},"2":{"loc":{"start":{"line":109,"column":4},"end":{"line":113,"column":5}},"type":"if","locations":[{"start":{"line":109,"column":4},"end":{"line":113,"column":5}},{"start":{"line":111,"column":11},"end":{"line":113,"column":5}}]},"3":{"loc":{"start":{"line":161,"column":4},"end":{"line":166,"column":5}},"type":"if","locations":[{"start":{"line":161,"column":4},"end":{"line":166,"column":5}},{"start":{},"end":{}}]},"4":{"loc":{"start":{"line":161,"column":8},"end":{"line":161,"column":64}},"type":"binary-expr","locations":[{"start":{"line":161,"column":8},"end":{"line":161,"column":22}},{"start":{"line":161,"column":26},"end":{"line":161,"column":64}}]}},"s":{"0":0,"1":0,"2":0,"3":0,"4":0,"5":0,"6":0,"7":0,"8":0,"9":0,"10":0,"11":0,"12":0,"13":0,"14":0,"15":0,"16":0,"17":0,"18":0,"19":0,"20":0,"21":0,"22":0,"23":0,"24":0,"25":0,"26":0,"27":0,"28":0,"29":0,"30":0,"31":0,"32":0,"33":0,"34":0,"35":0,"36":0,"37":0,"38":0,"39":0,"40":0,"41":0,"42":0,"43":0,"44":0,"45":0,"46":0,"47":0},"f":{"0":0,"1":0,"2":0,"3":0,"4":0,"5":0,"6":0,"7":0},"b":{"0":[0],"1":[0,0],"2":[0,0],"3":[0,0],"4":[0,0]}}
,"D:\\MyBlog\\LoveandJoy\\src\\lib\\prisma.ts": {"path":"D:\\MyBlog\\LoveandJoy\\src\\lib\\prisma.ts","statementMap":{"0":{"start":{"line":1,"column":0},"end":{"line":1,"column":46}},"1":{"start":{"line":10,"column":0},"end":{"line":17,"column":1}},"2":{"start":{"line":11,"column":2},"end":{"line":11,"column":30}},"3":{"start":{"line":13,"column":2},"end":{"line":15,"column":3}},"4":{"start":{"line":14,"column":4},"end":{"line":14,"column":39}},"5":{"start":{"line":16,"column":2},"end":{"line":16,"column":25}},"6":{"start":{"line":19,"column":0},"end":{"line":19,"column":22}}},"fnMap":{},"branchMap":{"0":{"loc":{"start":{"line":10,"column":0},"end":{"line":17,"column":1}},"type":"if","locations":[{"start":{"line":10,"column":0},"end":{"line":17,"column":1}},{"start":{"line":12,"column":7},"end":{"line":17,"column":1}}]},"1":{"loc":{"start":{"line":13,"column":2},"end":{"line":15,"column":3}},"type":"if","locations":[{"start":{"line":13,"column":2},"end":{"line":15,"column":3}},{"start":{},"end":{}}]}},"s":{"0":0,"1":0,"2":0,"3":0,"4":0,"5":0,"6":0},"f":{},"b":{"0":[0,0],"1":[0,0]}}
,"D:\\MyBlog\\LoveandJoy\\src\\utils\\admin-state-manager.ts": {"path":"D:\\MyBlog\\LoveandJoy\\src\\utils\\admin-state-manager.ts","statementMap":{"0":{"start":{"line":3,"column":27},"end":{"line":3,"column":35}},"1":{"start":{"line":23,"column":29},"end":{"line":40,"column":1}},"2":{"start":{"line":24,"column":2},"end":{"line":39,"column":3}},"3":{"start":{"line":25,"column":20},"end":{"line":25,"column":49}},"4":{"start":{"line":26,"column":18},"end":{"line":26,"column":47}},"5":{"start":{"line":27,"column":4},"end":{"line":27,"column":28}},"6":{"start":{"line":27,"column":16},"end":{"line":27,"column":28}},"7":{"start":{"line":30,"column":4},"end":{"line":35,"column":5}},"8":{"start":{"line":31,"column":6},"end":{"line":31,"column":36}},"9":{"start":{"line":34,"column":6},"end":{"line":34,"column":35}},"10":{"start":{"line":37,"column":4},"end":{"line":37,"column":39}},"11":{"start":{"line":38,"column":4},"end":{"line":38,"column":16}},"12":{"start":{"line":23,"column":13},"end":{"line":23,"column":29}},"13":{"start":{"line":43,"column":29},"end":{"line":52,"column":1}},"14":{"start":{"line":44,"column":2},"end":{"line":51,"column":3}},"15":{"start":{"line":45,"column":20},"end":{"line":45,"column":49}},"16":{"start":{"line":46,"column":4},"end":{"line":46,"column":57}},"17":{"start":{"line":48,"column":4},"end":{"line":48,"column":57}},"18":{"start":{"line":50,"column":4},"end":{"line":50,"column":39}},"19":{"start":{"line":43,"column":13},"end":{"line":43,"column":29}},"20":{"start":{"line":55,"column":32},"end":{"line":64,"column":1}},"21":{"start":{"line":56,"column":2},"end":{"line":63,"column":3}},"22":{"start":{"line":57,"column":20},"end":{"line":57,"column":49}},"23":{"start":{"line":58,"column":4},"end":{"line":58,"column":37}},"24":{"start":{"line":60,"column":4},"end":{"line":60,"column":57}},"25":{"start":{"line":62,"column":4},"end":{"line":62,"column":39}},"26":{"start":{"line":55,"column":13},"end":{"line":55,"column":32}},"27":{"start":{"line":67,"column":34},"end":{"line":82,"column":1}},"28":{"start":{"line":68,"column":2},"end":{"line":81,"column":3}},"29":{"start":{"line":71,"column":4},"end":{"line":76,"column":5}},"30":{"start":{"line":71,"column":17},"end":{"line":71,"column":40}},"31":{"start":{"line":72,"column":18},"end":{"line":72,"column":37}},"32":{"start":{"line":73,"column":6},"end":{"line":75,"column":7}},"33":{"start":{"line":74,"column":8},"end":{"line":74,"column":37}},"34":{"start":{"line":78,"column":4},"end":{"line":78,"column":57}},"35":{"start":{"line":80,"column":4},"end":{"line":80,"column":41}},"36":{"start":{"line":67,"column":13},"end":{"line":67,"column":34}},"37":{"start":{"line":85,"column":41},"end":{"line":90,"column":1}},"38":{"start":{"line":86,"column":2},"end":{"line":86,"column":57}},"39":{"start":{"line":87,"column":2},"end":{"line":89,"column":4}},"40":{"start":{"line":88,"column":4},"end":{"line":88,"column":62}},"41":{"start":{"line":85,"column":13},"end":{"line":85,"column":41}},"42":{"start":{"line":93,"column":30},"end":{"line":102,"column":1}},"43":{"start":{"line":94,"column":2},"end":{"line":101,"column":3}},"44":{"start":{"line":95,"column":20},"end":{"line":95,"column":57}},"45":{"start":{"line":96,"column":19},"end":{"line":96,"column":37}},"46":{"start":{"line":97,"column":4},"end":{"line":97,"column":31}},"47":{"start":{"line":100,"column":4},"end":{"line":100,"column":16}},"48":{"start":{"line":93,"column":13},"end":{"line":93,"column":30}},"49":{"start":{"line":105,"column":31},"end":{"line":130,"column":1}},"50":{"start":{"line":106,"column":14},"end":{"line":106,"column":44}},"51":{"start":{"line":109,"column":2},"end":{"line":111,"column":3}},"52":{"start":{"line":110,"column":4},"end":{"line":110,"column":31}},"53":{"start":{"line":114,"column":2},"end":{"line":124,"column":3}},"54":{"start":{"line":116,"column":4},"end":{"line":116,"column":25}},"55":{"start":{"line":118,"column":4},"end":{"line":118,"column":57}},"56":{"start":{"line":120,"column":4},"end":{"line":120,"column":49}},"57":{"start":{"line":121,"column":4},"end":{"line":123,"column":6}},"58":{"start":{"line":126,"column":2},"end":{"line":128,"column":null}},"59":{"start":{"line":105,"column":13},"end":{"line":105,"column":31}},"60":{"start":{"line":133,"column":13},"end":{"line":161,"column":2}},"61":{"start":{"line":136,"column":4},"end":{"line":136,"column":57}},"62":{"start":{"line":141,"column":4},"end":{"line":141,"column":53}},"63":{"start":{"line":146,"column":4},"end":{"line":146,"column":48}},"64":{"start":{"line":148,"column":4},"end":{"line":148,"column":38}},"65":{"start":{"line":149,"column":4},"end":{"line":149,"column":32}},"66":{"start":{"line":150,"column":4},"end":{"line":150,"column":34}},"67":{"start":{"line":153,"column":24},"end":{"line":153,"column":54}},"68":{"start":{"line":154,"column":4},"end":{"line":154,"column":52}},"69":{"start":{"line":159,"column":4},"end":{"line":159,"column":25}}},"fnMap":{"0":{"name":"(anonymous_0)","decl":{"start":{"line":23,"column":29},"end":{"line":23,"column":39}},"loc":{"start":{"line":23,"column":64},"end":{"line":40,"column":1}}},"1":{"name":"(anonymous_1)","decl":{"start":{"line":43,"column":29},"end":{"line":43,"column":30}},"loc":{"start":{"line":43,"column":63},"end":{"line":52,"column":1}}},"2":{"name":"(anonymous_2)","decl":{"start":{"line":55,"column":32},"end":{"line":55,"column":33}},"loc":{"start":{"line":55,"column":54},"end":{"line":64,"column":1}}},"3":{"name":"(anonymous_3)","decl":{"start":{"line":67,"column":34},"end":{"line":67,"column":43}},"loc":{"start":{"line":67,"column":45},"end":{"line":82,"column":1}}},"4":{"name":"(anonymous_4)","decl":{"start":{"line":85,"column":41},"end":{"line":85,"column":42}},"loc":{"start":{"line":85,"column":80},"end":{"line":90,"column":1}}},"5":{"name":"(anonymous_5)","decl":{"start":{"line":87,"column":9},"end":{"line":87,"column":12}},"loc":{"start":{"line":87,"column":14},"end":{"line":89,"column":3}}},"6":{"name":"(anonymous_6)","decl":{"start":{"line":93,"column":30},"end":{"line":93,"column":31}},"loc":{"start":{"line":93,"column":57},"end":{"line":102,"column":1}}},"7":{"name":"(anonymous_7)","decl":{"start":{"line":105,"column":31},"end":{"line":105,"column":47}},"loc":{"start":{"line":105,"column":49},"end":{"line":130,"column":1}}},"8":{"name":"(anonymous_8)","decl":{"start":{"line":135,"column":19},"end":{"line":135,"column":31}},"loc":{"start":{"line":135,"column":33},"end":{"line":137,"column":3}}},"9":{"name":"(anonymous_9)","decl":{"start":{"line":140,"column":18},"end":{"line":140,"column":48}},"loc":{"start":{"line":140,"column":50},"end":{"line":142,"column":3}}},"10":{"name":"(anonymous_10)","decl":{"start":{"line":145,"column":9},"end":{"line":145,"column":10}},"loc":{"start":{"line":145,"column":59},"end":{"line":155,"column":3}}},"11":{"name":"(anonymous_11)","decl":{"start":{"line":158,"column":10},"end":{"line":158,"column":19}},"loc":{"start":{"line":158,"column":21},"end":{"line":160,"column":3}}}},"branchMap":{"0":{"loc":{"start":{"line":27,"column":4},"end":{"line":27,"column":28}},"type":"if","locations":[{"start":{"line":27,"column":4},"end":{"line":27,"column":28}},{"start":{},"end":{}}]},"1":{"loc":{"start":{"line":73,"column":6},"end":{"line":75,"column":7}},"type":"if","locations":[{"start":{"line":73,"column":6},"end":{"line":75,"column":7}},{"start":{},"end":{}}]},"2":{"loc":{"start":{"line":73,"column":10},"end":{"line":73,"column":51}},"type":"binary-expr","locations":[{"start":{"line":73,"column":10},"end":{"line":73,"column":13}},{"start":{"line":73,"column":17},"end":{"line":73,"column":51}}]},"3":{"loc":{"start":{"line":109,"column":2},"end":{"line":111,"column":3}},"type":"if","locations":[{"start":{"line":109,"column":2},"end":{"line":111,"column":3}},{"start":{},"end":{}}]},"4":{"loc":{"start":{"line":109,"column":6},"end":{"line":109,"column":61}},"type":"binary-expr","locations":[{"start":{"line":109,"column":6},"end":{"line":109,"column":11}},{"start":{"line":109,"column":16},"end":{"line":109,"column":37}},{"start":{"line":109,"column":41},"end":{"line":109,"column":60}}]},"5":{"loc":{"start":{"line":114,"column":2},"end":{"line":124,"column":3}},"type":"if","locations":[{"start":{"line":114,"column":2},"end":{"line":124,"column":3}},{"start":{},"end":{}}]},"6":{"loc":{"start":{"line":114,"column":6},"end":{"line":114,"column":36}},"type":"binary-expr","locations":[{"start":{"line":114,"column":6},"end":{"line":114,"column":11}},{"start":{"line":114,"column":15},"end":{"line":114,"column":36}}]},"7":{"loc":{"start":{"line":128,"column":8},"end":{"line":128,"column":57}},"type":"cond-expr","locations":[{"start":{"line":128,"column":16},"end":{"line":128,"column":52}},{"start":{"line":128,"column":55},"end":{"line":128,"column":57}}]}},"s":{"0":1,"1":1,"2":10,"3":10,"4":10,"5":10,"6":3,"7":7,"8":7,"9":2,"10":0,"11":0,"12":1,"13":1,"14":6,"15":6,"16":6,"17":6,"18":0,"19":1,"20":1,"21":2,"22":2,"23":2,"24":2,"25":0,"26":1,"27":1,"28":4,"29":4,"30":4,"31":6,"32":6,"33":5,"34":4,"35":0,"36":1,"37":1,"38":1,"39":1,"40":1,"41":1,"42":1,"43":4,"44":4,"45":2,"46":2,"47":2,"48":1,"49":1,"50":0,"51":0,"52":0,"53":0,"54":0,"55":0,"56":0,"57":0,"58":0,"59":1,"60":1,"61":3,"62":2,"63":1,"64":1,"65":1,"66":1,"67":1,"68":1,"69":1},"f":{"0":10,"1":6,"2":2,"3":4,"4":1,"5":1,"6":4,"7":0,"8":3,"9":2,"10":1,"11":1},"b":{"0":[3,7],"1":[5,1],"2":[6,6],"3":[0,0],"4":[0,0,0],"5":[0,0],"6":[0,0],"7":[0,0]}}
,"D:\\MyBlog\\LoveandJoy\\src\\utils\\emailService.ts": {"path":"D:\\MyBlog\\LoveandJoy\\src\\utils\\emailService.ts","statementMap":{"0":{"start":{"line":1,"column":0},"end":{"line":1,"column":36}},"1":{"start":{"line":4,"column":21},"end":{"line":25,"column":2}},"2":{"start":{"line":28,"column":26},"end":{"line":32,"column":1}},"3":{"start":{"line":29,"column":22},"end":{"line":29,"column":45}},"4":{"start":{"line":30,"column":17},"end":{"line":30,"column":97}},"5":{"start":{"line":31,"column":2},"end":{"line":31,"column":44}},"6":{"start":{"line":35,"column":37},"end":{"line":138,"column":1}},"7":{"start":{"line":40,"column":2},"end":{"line":137,"column":3}},"8":{"start":{"line":42,"column":21},"end":{"line":42,"column":37}},"9":{"start":{"line":46,"column":4},"end":{"line":52,"column":5}},"10":{"start":{"line":47,"column":6},"end":{"line":47,"column":69}},"11":{"start":{"line":48,"column":6},"end":{"line":48,"column":28}},"12":{"start":{"line":50,"column":6},"end":{"line":50,"column":67}},"13":{"start":{"line":51,"column":6},"end":{"line":51,"column":27}},"14":{"start":{"line":55,"column":19},"end":{"line":55,"column":42}},"15":{"start":{"line":57,"column":4},"end":{"line":59,"column":5}},"16":{"start":{"line":58,"column":6},"end":{"line":58,"column":46}},"17":{"start":{"line":62,"column":21},"end":{"line":67,"column":null}},"18":{"start":{"line":71,"column":4},"end":{"line":73,"column":5}},"19":{"start":{"line":72,"column":6},"end":{"line":72,"column":41}},"20":{"start":{"line":78,"column":24},"end":{"line":78,"column":63}},"21":{"start":{"line":81,"column":4},"end":{"line":87,"column":5}},"22":{"start":{"line":82,"column":6},"end":{"line":82,"column":33}},"23":{"start":{"line":85,"column":6},"end":{"line":85,"column":48}},"24":{"start":{"line":86,"column":6},"end":{"line":86,"column":100}},"25":{"start":{"line":90,"column":24},"end":{"line":112,"column":6}},"26":{"start":{"line":115,"column":17},"end":{"line":115,"column":56}},"27":{"start":{"line":117,"column":4},"end":{"line":117,"column":48}},"28":{"start":{"line":119,"column":4},"end":{"line":119,"column":36}},"29":{"start":{"line":122,"column":23},"end":{"line":122,"column":37}},"30":{"start":{"line":123,"column":4},"end":{"line":131,"column":5}},"31":{"start":{"line":124,"column":6},"end":{"line":130,"column":7}},"32":{"start":{"line":125,"column":8},"end":{"line":125,"column":51}},"33":{"start":{"line":126,"column":13},"end":{"line":130,"column":7}},"34":{"start":{"line":127,"column":8},"end":{"line":127,"column":51}},"35":{"start":{"line":129,"column":8},"end":{"line":129,"column":49}},"36":{"start":{"line":133,"column":4},"end":{"line":136,"column":6}},"37":{"start":{"line":35,"column":13},"end":{"line":35,"column":37}},"38":{"start":{"line":141,"column":32},"end":{"line":145,"column":1}},"39":{"start":{"line":142,"column":27},"end":{"line":142,"column":158}},"40":{"start":{"line":143,"column":22},"end":{"line":143,"column":56}},"41":{"start":{"line":144,"column":2},"end":{"line":144,"column":54}},"42":{"start":{"line":141,"column":13},"end":{"line":141,"column":32}}},"fnMap":{"0":{"name":"(anonymous_1)","decl":{"start":{"line":28,"column":26},"end":{"line":28,"column":27}},"loc":{"start":{"line":28,"column":48},"end":{"line":32,"column":1}}},"1":{"name":"(anonymous_2)","decl":{"start":{"line":35,"column":37},"end":{"line":35,"column":42}},"loc":{"start":{"line":39,"column":52},"end":{"line":138,"column":1}}},"2":{"name":"(anonymous_3)","decl":{"start":{"line":141,"column":32},"end":{"line":141,"column":33}},"loc":{"start":{"line":141,"column":59},"end":{"line":145,"column":1}}}},"branchMap":{"0":{"loc":{"start":{"line":11,"column":12},"end":{"line":11,"column":62}},"type":"binary-expr","locations":[{"start":{"line":11,"column":12},"end":{"line":11,"column":38}},{"start":{"line":11,"column":42},"end":{"line":11,"column":62}}]},"1":{"loc":{"start":{"line":12,"column":12},"end":{"line":12,"column":60}},"type":"binary-expr","locations":[{"start":{"line":12,"column":12},"end":{"line":12,"column":38}},{"start":{"line":12,"column":42},"end":{"line":12,"column":60}}]},"2":{"loc":{"start":{"line":21,"column":12},"end":{"line":21,"column":60}},"type":"binary-expr","locations":[{"start":{"line":21,"column":12},"end":{"line":21,"column":37}},{"start":{"line":21,"column":41},"end":{"line":21,"column":60}}]},"3":{"loc":{"start":{"line":22,"column":12},"end":{"line":22,"column":59}},"type":"binary-expr","locations":[{"start":{"line":22,"column":12},"end":{"line":22,"column":37}},{"start":{"line":22,"column":41},"end":{"line":22,"column":59}}]},"4":{"loc":{"start":{"line":30,"column":17},"end":{"line":30,"column":97}},"type":"binary-expr","locations":[{"start":{"line":30,"column":17},"end":{"line":30,"column":71}},{"start":{"line":30,"column":75},"end":{"line":30,"column":97}}]},"5":{"loc":{"start":{"line":38,"column":2},"end":{"line":38,"column":27}},"type":"default-arg","locations":[{"start":{"line":38,"column":20},"end":{"line":38,"column":27}}]},"6":{"loc":{"start":{"line":46,"column":4},"end":{"line":52,"column":5}},"type":"if","locations":[{"start":{"line":46,"column":4},"end":{"line":52,"column":5}},{"start":{"line":49,"column":11},"end":{"line":52,"column":5}}]},"7":{"loc":{"start":{"line":46,"column":8},"end":{"line":46,"column":83}},"type":"binary-expr","locations":[{"start":{"line":46,"column":8},"end":{"line":46,"column":30}},{"start":{"line":46,"column":34},"end":{"line":46,"column":56}},{"start":{"line":46,"column":60},"end":{"line":46,"column":83}}]},"8":{"loc":{"start":{"line":47,"column":18},"end":{"line":47,"column":68}},"type":"binary-expr","locations":[{"start":{"line":47,"column":18},"end":{"line":47,"column":44}},{"start":{"line":47,"column":48},"end":{"line":47,"column":68}}]},"9":{"loc":{"start":{"line":50,"column":18},"end":{"line":50,"column":66}},"type":"binary-expr","locations":[{"start":{"line":50,"column":18},"end":{"line":50,"column":43}},{"start":{"line":50,"column":47},"end":{"line":50,"column":66}}]},"10":{"loc":{"start":{"line":57,"column":4},"end":{"line":59,"column":5}},"type":"if","locations":[{"start":{"line":57,"column":4},"end":{"line":59,"column":5}},{"start":{},"end":{}}]},"11":{"loc":{"start":{"line":65,"column":14},"end":{"line":65,"column":134}},"type":"cond-expr","locations":[{"start":{"line":65,"column":40},"end":{"line":65,"column":86}},{"start":{"line":65,"column":89},"end":{"line":65,"column":134}}]},"12":{"loc":{"start":{"line":65,"column":40},"end":{"line":65,"column":86}},"type":"binary-expr","locations":[{"start":{"line":65,"column":40},"end":{"line":65,"column":66}},{"start":{"line":65,"column":70},"end":{"line":65,"column":86}}]},"13":{"loc":{"start":{"line":65,"column":89},"end":{"line":65,"column":134}},"type":"binary-expr","locations":[{"start":{"line":65,"column":89},"end":{"line":65,"column":114}},{"start":{"line":65,"column":118},"end":{"line":65,"column":134}}]},"14":{"loc":{"start":{"line":66,"column":14},"end":{"line":66,"column":134}},"type":"cond-expr","locations":[{"start":{"line":66,"column":40},"end":{"line":66,"column":86}},{"start":{"line":66,"column":89},"end":{"line":66,"column":134}}]},"15":{"loc":{"start":{"line":66,"column":40},"end":{"line":66,"column":86}},"type":"binary-expr","locations":[{"start":{"line":66,"column":40},"end":{"line":66,"column":66}},{"start":{"line":66,"column":70},"end":{"line":66,"column":86}}]},"16":{"loc":{"start":{"line":66,"column":89},"end":{"line":66,"column":134}},"type":"binary-expr","locations":[{"start":{"line":66,"column":89},"end":{"line":66,"column":114}},{"start":{"line":66,"column":118},"end":{"line":66,"column":134}}]},"17":{"loc":{"start":{"line":71,"column":4},"end":{"line":73,"column":5}},"type":"if","locations":[{"start":{"line":71,"column":4},"end":{"line":73,"column":5}},{"start":{},"end":{}}]},"18":{"loc":{"start":{"line":71,"column":8},"end":{"line":71,"column":56}},"type":"binary-expr","locations":[{"start":{"line":71,"column":8},"end":{"line":71,"column":30}},{"start":{"line":71,"column":34},"end":{"line":71,"column":56}}]},"19":{"loc":{"start":{"line":86,"column":37},"end":{"line":86,"column":96}},"type":"cond-expr","locations":[{"start":{"line":86,"column":68},"end":{"line":86,"column":87}},{"start":{"line":86,"column":90},"end":{"line":86,"column":96}}]},"20":{"loc":{"start":{"line":123,"column":4},"end":{"line":131,"column":5}},"type":"if","locations":[{"start":{"line":123,"column":4},"end":{"line":131,"column":5}},{"start":{},"end":{}}]},"21":{"loc":{"start":{"line":124,"column":6},"end":{"line":130,"column":7}},"type":"if","locations":[{"start":{"line":124,"column":6},"end":{"line":130,"column":7}},{"start":{"line":126,"column":13},"end":{"line":130,"column":7}}]},"22":{"loc":{"start":{"line":126,"column":13},"end":{"line":130,"column":7}},"type":"if","locations":[{"start":{"line":126,"column":13},"end":{"line":130,"column":7}},{"start":{"line":128,"column":13},"end":{"line":130,"column":7}}]},"23":{"loc":{"start":{"line":143,"column":22},"end":{"line":143,"column":56}},"type":"cond-expr","locations":[{"start":{"line":143,"column":41},"end":{"line":143,"column":43}},{"start":{"line":143,"column":41},"end":{"line":143,"column":56}}]},"24":{"loc":{"start":{"line":143,"column":22},"end":{"line":143,"column":43}},"type":"binary-expr","locations":[{"start":{"line":143,"column":22},"end":{"line":143,"column":43}},{"start":{"line":143,"column":41},"end":{"line":143,"column":43}}]},"25":{"loc":{"start":{"line":144,"column":35},"end":{"line":144,"column":52}},"type":"binary-expr","locations":[{"start":{"line":144,"column":35},"end":{"line":144,"column":46}},{"start":{"line":144,"column":50},"end":{"line":144,"column":52}}]}},"s":{"0":0,"1":0,"2":0,"3":0,"4":0,"5":0,"6":0,"7":0,"8":0,"9":0,"10":0,"11":0,"12":0,"13":0,"14":0,"15":0,"16":0,"17":0,"18":0,"19":0,"20":0,"21":0,"22":0,"23":0,"24":0,"25":0,"26":0,"27":0,"28":0,"29":0,"30":0,"31":0,"32":0,"33":0,"34":0,"35":0,"36":0,"37":0,"38":0,"39":0,"40":0,"41":0,"42":0},"f":{"0":0,"1":0,"2":0},"b":{"0":[0,0],"1":[0,0],"2":[0,0],"3":[0,0],"4":[0,0],"5":[0],"6":[0,0],"7":[0,0,0],"8":[0,0],"9":[0,0],"10":[0,0],"11":[0,0],"12":[0,0],"13":[0,0],"14":[0,0],"15":[0,0],"16":[0,0],"17":[0,0],"18":[0,0],"19":[0,0],"20":[0,0],"21":[0,0],"22":[0,0],"23":[0,0],"24":[0,0],"25":[0,0]}}
,"D:\\MyBlog\\LoveandJoy\\src\\utils\\error-handler.ts": {"path":"D:\\MyBlog\\LoveandJoy\\src\\utils\\error-handler.ts","statementMap":{"0":{"start":{"line":7,"column":0},"end":{"line":7,"column":null}},"1":{"start":{"line":9,"column":2},"end":{"line":9,"column":null}},"2":{"start":{"line":10,"column":2},"end":{"line":10,"column":null}},"3":{"start":{"line":11,"column":2},"end":{"line":11,"column":null}},"4":{"start":{"line":12,"column":2},"end":{"line":12,"column":null}},"5":{"start":{"line":13,"column":2},"end":{"line":13,"column":null}},"6":{"start":{"line":14,"column":2},"end":{"line":14,"column":null}},"7":{"start":{"line":15,"column":2},"end":{"line":15,"column":null}},"8":{"start":{"line":16,"column":2},"end":{"line":16,"column":null}},"9":{"start":{"line":17,"column":2},"end":{"line":17,"column":null}},"10":{"start":{"line":18,"column":2},"end":{"line":18,"column":null}},"11":{"start":{"line":19,"column":2},"end":{"line":19,"column":null}},"12":{"start":{"line":20,"column":2},"end":{"line":20,"column":null}},"13":{"start":{"line":21,"column":2},"end":{"line":21,"column":null}},"14":{"start":{"line":24,"column":2},"end":{"line":24,"column":null}},"15":{"start":{"line":25,"column":2},"end":{"line":25,"column":null}},"16":{"start":{"line":26,"column":2},"end":{"line":26,"column":null}},"17":{"start":{"line":27,"column":2},"end":{"line":27,"column":null}},"18":{"start":{"line":30,"column":2},"end":{"line":30,"column":null}},"19":{"start":{"line":31,"column":2},"end":{"line":31,"column":null}},"20":{"start":{"line":32,"column":2},"end":{"line":32,"column":null}},"21":{"start":{"line":33,"column":2},"end":{"line":33,"column":null}},"22":{"start":{"line":34,"column":2},"end":{"line":34,"column":null}},"23":{"start":{"line":37,"column":2},"end":{"line":37,"column":null}},"24":{"start":{"line":38,"column":2},"end":{"line":38,"column":null}},"25":{"start":{"line":39,"column":2},"end":{"line":39,"column":null}},"26":{"start":{"line":40,"column":2},"end":{"line":40,"column":null}},"27":{"start":{"line":43,"column":2},"end":{"line":43,"column":null}},"28":{"start":{"line":44,"column":2},"end":{"line":44,"column":null}},"29":{"start":{"line":67,"column":4},"end":{"line":67,"column":19}},"30":{"start":{"line":62,"column":11},"end":{"line":62,"column":26}},"31":{"start":{"line":64,"column":11},"end":{"line":64,"column":24}},"32":{"start":{"line":65,"column":11},"end":{"line":65,"column":29}},"33":{"start":{"line":68,"column":4},"end":{"line":68,"column":27}},"34":{"start":{"line":69,"column":4},"end":{"line":69,"column":52}},"35":{"start":{"line":60,"column":0},"end":{"line":60,"column":13}},"36":{"start":{"line":74,"column":26},"end":{"line":76,"column":1}},"37":{"start":{"line":75,"column":2},"end":{"line":75,"column":99}},"38":{"start":{"line":79,"column":35},"end":{"line":107,"column":1}},"39":{"start":{"line":80,"column":20},"end":{"line":80,"column":44}},"40":{"start":{"line":81,"column":16},"end":{"line":81,"column":48}},"41":{"start":{"line":83,"column":2},"end":{"line":94,"column":3}},"42":{"start":{"line":84,"column":4},"end":{"line":93,"column":6}},"43":{"start":{"line":97,"column":2},"end":{"line":106,"column":4}},"44":{"start":{"line":79,"column":13},"end":{"line":79,"column":35}},"45":{"start":{"line":110,"column":30},"end":{"line":130,"column":1}},"46":{"start":{"line":114,"column":2},"end":{"line":129,"column":3}},"47":{"start":{"line":115,"column":4},"end":{"line":115,"column":22}},"48":{"start":{"line":117,"column":26},"end":{"line":117,"column":72}},"49":{"start":{"line":120,"column":23},"end":{"line":120,"column":70}},"50":{"start":{"line":122,"column":4},"end":{"line":128,"column":7}},"51":{"start":{"line":110,"column":13},"end":{"line":110,"column":30}},"52":{"start":{"line":133,"column":30},"end":{"line":166,"column":1}},"53":{"start":{"line":134,"column":47},"end":{"line":163,"column":4}},"54":{"start":{"line":165,"column":2},"end":{"line":165,"column":32}},"55":{"start":{"line":169,"column":37},"end":{"line":175,"column":1}},"56":{"start":{"line":170,"column":2},"end":{"line":174,"column":4}},"57":{"start":{"line":169,"column":13},"end":{"line":169,"column":37}},"58":{"start":{"line":178,"column":35},"end":{"line":204,"column":1}},"59":{"start":{"line":179,"column":13},"end":{"line":179,"column":37}},"60":{"start":{"line":180,"column":16},"end":{"line":180,"column":43}},"61":{"start":{"line":183,"column":2},"end":{"line":201,"column":3}},"62":{"start":{"line":184,"column":4},"end":{"line":200,"column":5}},"63":{"start":{"line":186,"column":8},"end":{"line":186,"column":49}},"64":{"start":{"line":187,"column":8},"end":{"line":187,"column":36}},"65":{"start":{"line":188,"column":8},"end":{"line":188,"column":14}},"66":{"start":{"line":191,"column":8},"end":{"line":191,"column":43}},"67":{"start":{"line":192,"column":8},"end":{"line":192,"column":53}},"68":{"start":{"line":193,"column":8},"end":{"line":193,"column":14}},"69":{"start":{"line":195,"column":8},"end":{"line":195,"column":42}},"70":{"start":{"line":196,"column":8},"end":{"line":196,"column":50}},"71":{"start":{"line":197,"column":8},"end":{"line":197,"column":14}},"72":{"start":{"line":199,"column":8},"end":{"line":199,"column":14}},"73":{"start":{"line":203,"column":2},"end":{"line":203,"column":97}},"74":{"start":{"line":178,"column":13},"end":{"line":178,"column":35}}},"fnMap":{"0":{"name":"(anonymous_0)","decl":{"start":{"line":7,"column":0},"end":{"line":7,"column":12}},"loc":{"start":{"line":7,"column":21},"end":{"line":45,"column":1}}},"1":{"name":"(anonymous_1)","decl":{"start":{"line":61,"column":2},"end":{"line":61,"column":null}},"loc":{"start":{"line":65,"column":29},"end":{"line":70,"column":3}}},"2":{"name":"(anonymous_2)","decl":{"start":{"line":74,"column":26},"end":{"line":74,"column":37}},"loc":{"start":{"line":74,"column":39},"end":{"line":76,"column":1}}},"3":{"name":"(anonymous_3)","decl":{"start":{"line":79,"column":35},"end":{"line":79,"column":36}},"loc":{"start":{"line":79,"column":98},"end":{"line":107,"column":1}}},"4":{"name":"(anonymous_4)","decl":{"start":{"line":110,"column":30},"end":{"line":110,"column":35}},"loc":{"start":{"line":113,"column":23},"end":{"line":130,"column":1}}},"5":{"name":"(anonymous_5)","decl":{"start":{"line":133,"column":30},"end":{"line":133,"column":31}},"loc":{"start":{"line":133,"column":58},"end":{"line":166,"column":1}}},"6":{"name":"(anonymous_6)","decl":{"start":{"line":169,"column":37},"end":{"line":169,"column":38}},"loc":{"start":{"line":169,"column":65},"end":{"line":175,"column":1}}},"7":{"name":"(anonymous_7)","decl":{"start":{"line":178,"column":35},"end":{"line":178,"column":36}},"loc":{"start":{"line":178,"column":60},"end":{"line":204,"column":1}}}},"branchMap":{"0":{"loc":{"start":{"line":7,"column":12},"end":{"line":7,"column":null}},"type":"binary-expr","locations":[{"start":{"line":7,"column":12},"end":{"line":7,"column":21}},{"start":{"line":7,"column":21},"end":{"line":7,"column":null}}]},"1":{"loc":{"start":{"line":81,"column":16},"end":{"line":81,"column":48}},"type":"binary-expr","locations":[{"start":{"line":81,"column":16},"end":{"line":81,"column":25}},{"start":{"line":81,"column":29},"end":{"line":81,"column":48}}]},"2":{"loc":{"start":{"line":83,"column":2},"end":{"line":94,"column":3}},"type":"if","locations":[{"start":{"line":83,"column":2},"end":{"line":94,"column":3}},{"start":{},"end":{}}]},"3":{"loc":{"start":{"line":91,"column":19},"end":{"line":91,"column":43}},"type":"binary-expr","locations":[{"start":{"line":91,"column":19},"end":{"line":91,"column":34}},{"start":{"line":91,"column":38},"end":{"line":91,"column":43}}]},"4":{"loc":{"start":{"line":101,"column":15},"end":{"line":101,"column":62}},"type":"binary-expr","locations":[{"start":{"line":101,"column":15},"end":{"line":101,"column":28}},{"start":{"line":101,"column":32},"end":{"line":101,"column":62}}]},"5":{"loc":{"start":{"line":102,"column":15},"end":{"line":102,"column":79}},"type":"cond-expr","locations":[{"start":{"line":102,"column":56},"end":{"line":102,"column":67}},{"start":{"line":102,"column":70},"end":{"line":102,"column":79}}]},"6":{"loc":{"start":{"line":165,"column":9},"end":{"line":165,"column":31}},"type":"binary-expr","locations":[{"start":{"line":165,"column":9},"end":{"line":165,"column":24}},{"start":{"line":165,"column":28},"end":{"line":165,"column":31}}]},"7":{"loc":{"start":{"line":183,"column":2},"end":{"line":201,"column":3}},"type":"if","locations":[{"start":{"line":183,"column":2},"end":{"line":201,"column":3}},{"start":{},"end":{}}]},"8":{"loc":{"start":{"line":184,"column":4},"end":{"line":200,"column":5}},"type":"switch","locations":[{"start":{"line":185,"column":6},"end":{"line":188,"column":14}},{"start":{"line":189,"column":6},"end":{"line":189,"column":36}},{"start":{"line":190,"column":6},"end":{"line":193,"column":14}},{"start":{"line":194,"column":6},"end":{"line":197,"column":14}},{"start":{"line":198,"column":6},"end":{"line":199,"column":14}}]},"9":{"loc":{"start":{"line":203,"column":37},"end":{"line":203,"column":95}},"type":"cond-expr","locations":[{"start":{"line":203,"column":78},"end":{"line":203,"column":83}},{"start":{"line":203,"column":86},"end":{"line":203,"column":95}}]}},"s":{"0":1,"1":1,"2":1,"3":1,"4":1,"5":1,"6":1,"7":1,"8":1,"9":1,"10":1,"11":1,"12":1,"13":1,"14":1,"15":1,"16":1,"17":1,"18":1,"19":1,"20":1,"21":1,"22":1,"23":1,"24":1,"25":1,"26":1,"27":1,"28":1,"29":13,"30":13,"31":13,"32":13,"33":13,"34":13,"35":1,"36":1,"37":4,"38":1,"39":5,"40":5,"41":5,"42":3,"43":2,"44":1,"45":1,"46":3,"47":3,"48":2,"49":2,"50":2,"51":1,"52":1,"53":2,"54":2,"55":1,"56":2,"57":1,"58":1,"59":6,"60":6,"61":6,"62":5,"63":1,"64":1,"65":1,"66":2,"67":2,"68":2,"69":1,"70":1,"71":1,"72":1,"73":6,"74":1},"f":{"0":1,"1":13,"2":4,"3":5,"4":3,"5":2,"6":2,"7":6},"b":{"0":[1,1],"1":[5,4],"2":[3,2],"3":[3,2],"4":[2,0],"5":[0,2],"6":[2,0],"7":[5,1],"8":[1,1,2,1,1],"9":[0,6]}}
,"D:\\MyBlog\\LoveandJoy\\src\\utils\\security-logger.ts": {"path":"D:\\MyBlog\\LoveandJoy\\src\\utils\\security-logger.ts","statementMap":{"0":{"start":{"line":7,"column":0},"end":{"line":7,"column":null}},"1":{"start":{"line":8,"column":2},"end":{"line":8,"column":null}},"2":{"start":{"line":9,"column":2},"end":{"line":9,"column":null}},"3":{"start":{"line":10,"column":2},"end":{"line":10,"column":null}},"4":{"start":{"line":11,"column":2},"end":{"line":11,"column":null}},"5":{"start":{"line":12,"column":2},"end":{"line":12,"column":null}},"6":{"start":{"line":13,"column":2},"end":{"line":13,"column":null}},"7":{"start":{"line":17,"column":0},"end":{"line":17,"column":null}},"8":{"start":{"line":18,"column":2},"end":{"line":18,"column":null}},"9":{"start":{"line":19,"column":2},"end":{"line":19,"column":null}},"10":{"start":{"line":20,"column":2},"end":{"line":20,"column":null}},"11":{"start":{"line":21,"column":2},"end":{"line":21,"column":null}},"12":{"start":{"line":22,"column":2},"end":{"line":22,"column":null}},"13":{"start":{"line":23,"column":2},"end":{"line":23,"column":null}},"14":{"start":{"line":24,"column":2},"end":{"line":24,"column":null}},"15":{"start":{"line":25,"column":2},"end":{"line":25,"column":null}},"16":{"start":{"line":26,"column":2},"end":{"line":26,"column":null}},"17":{"start":{"line":58,"column":37},"end":{"line":65,"column":2}},"18":{"start":{"line":68,"column":22},"end":{"line":70,"column":1}},"19":{"start":{"line":69,"column":2},"end":{"line":69,"column":99}},"20":{"start":{"line":73,"column":18},"end":{"line":76,"column":1}},"21":{"start":{"line":74,"column":17},"end":{"line":74,"column":117}},"22":{"start":{"line":75,"column":2},"end":{"line":75,"column":62}},"23":{"start":{"line":79,"column":25},"end":{"line":88,"column":1}},"24":{"start":{"line":80,"column":18},"end":{"line":80,"column":97}},"25":{"start":{"line":81,"column":19},"end":{"line":81,"column":88}},"26":{"start":{"line":82,"column":22},"end":{"line":82,"column":73}},"27":{"start":{"line":83,"column":23},"end":{"line":83,"column":73}},"28":{"start":{"line":84,"column":17},"end":{"line":84,"column":42}},"29":{"start":{"line":85,"column":18},"end":{"line":85,"column":79}},"30":{"start":{"line":87,"column":2},"end":{"line":87,"column":98}},"31":{"start":{"line":93,"column":10},"end":{"line":93,"column":39}},"32":{"start":{"line":94,"column":10},"end":{"line":94,"column":54}},"33":{"start":{"line":97,"column":4},"end":{"line":97,"column":51}},"34":{"start":{"line":100,"column":4},"end":{"line":100,"column":28}},"35":{"start":{"line":103,"column":4},"end":{"line":105,"column":13}},"36":{"start":{"line":104,"column":6},"end":{"line":104,"column":27}},"37":{"start":{"line":109,"column":4},"end":{"line":121,"column":5}},"38":{"start":{"line":110,"column":6},"end":{"line":120,"column":7}},"39":{"start":{"line":111,"column":19},"end":{"line":111,"column":32}},"40":{"start":{"line":112,"column":21},"end":{"line":112,"column":36}},"41":{"start":{"line":114,"column":23},"end":{"line":114,"column":73}},"42":{"start":{"line":115,"column":8},"end":{"line":117,"column":9}},"43":{"start":{"line":116,"column":10},"end":{"line":116,"column":52}},"44":{"start":{"line":119,"column":8},"end":{"line":119,"column":68}},"45":{"start":{"line":141,"column":4},"end":{"line":143,"column":5}},"46":{"start":{"line":142,"column":6},"end":{"line":142,"column":13}},"47":{"start":{"line":145,"column":13},"end":{"line":151,"column":null}},"48":{"start":{"line":155,"column":4},"end":{"line":155,"column":28}},"49":{"start":{"line":158,"column":4},"end":{"line":160,"column":5}},"50":{"start":{"line":159,"column":6},"end":{"line":159,"column":29}},"51":{"start":{"line":163,"column":4},"end":{"line":165,"column":5}},"52":{"start":{"line":164,"column":6},"end":{"line":164,"column":27}},"53":{"start":{"line":170,"column":29},"end":{"line":170,"column":50}},"54":{"start":{"line":172,"column":4},"end":{"line":191,"column":5}},"55":{"start":{"line":174,"column":8},"end":{"line":174,"column":40}},"56":{"start":{"line":175,"column":8},"end":{"line":175,"column":14}},"57":{"start":{"line":177,"column":8},"end":{"line":177,"column":39}},"58":{"start":{"line":178,"column":8},"end":{"line":178,"column":14}},"59":{"start":{"line":180,"column":8},"end":{"line":180,"column":39}},"60":{"start":{"line":181,"column":8},"end":{"line":181,"column":14}},"61":{"start":{"line":184,"column":8},"end":{"line":184,"column":40}},"62":{"start":{"line":185,"column":8},"end":{"line":185,"column":14}},"63":{"start":{"line":187,"column":8},"end":{"line":187,"column":65}},"64":{"start":{"line":188,"column":8},"end":{"line":188,"column":14}},"65":{"start":{"line":190,"column":8},"end":{"line":190,"column":38}},"66":{"start":{"line":196,"column":4},"end":{"line":198,"column":5}},"67":{"start":{"line":197,"column":6},"end":{"line":197,"column":13}},"68":{"start":{"line":200,"column":4},"end":{"line":218,"column":5}},"69":{"start":{"line":201,"column":17},"end":{"line":201,"column":30}},"70":{"start":{"line":202,"column":19},"end":{"line":202,"column":34}},"71":{"start":{"line":205,"column":20},"end":{"line":205,"column":58}},"72":{"start":{"line":206,"column":26},"end":{"line":206,"column":66}},"73":{"start":{"line":207,"column":26},"end":{"line":207,"column":89}},"74":{"start":{"line":209,"column":31},"end":{"line":209,"column":59}},"75":{"start":{"line":212,"column":6},"end":{"line":212,"column":63}},"76":{"start":{"line":215,"column":6},"end":{"line":215,"column":43}},"77":{"start":{"line":217,"column":6},"end":{"line":217,"column":59}},"78":{"start":{"line":223,"column":4},"end":{"line":241,"column":5}},"79":{"start":{"line":224,"column":17},"end":{"line":224,"column":30}},"80":{"start":{"line":225,"column":19},"end":{"line":225,"column":34}},"81":{"start":{"line":227,"column":20},"end":{"line":227,"column":41}},"82":{"start":{"line":228,"column":6},"end":{"line":238,"column":7}},"83":{"start":{"line":230,"column":27},"end":{"line":230,"column":54}},"84":{"start":{"line":231,"column":8},"end":{"line":231,"column":44}},"85":{"start":{"line":234,"column":8},"end":{"line":234,"column":47}},"86":{"start":{"line":237,"column":8},"end":{"line":237,"column":80}},"87":{"start":{"line":240,"column":6},"end":{"line":240,"column":53}},"88":{"start":{"line":246,"column":4},"end":{"line":267,"column":5}},"89":{"start":{"line":247,"column":17},"end":{"line":247,"column":30}},"90":{"start":{"line":248,"column":19},"end":{"line":248,"column":34}},"91":{"start":{"line":251,"column":20},"end":{"line":256,"column":10}},"92":{"start":{"line":252,"column":24},"end":{"line":252,"column":78}},"93":{"start":{"line":253,"column":21},"end":{"line":253,"column":47}},"94":{"start":{"line":255,"column":10},"end":{"line":255,"column":81}},"95":{"start":{"line":259,"column":6},"end":{"line":264,"column":7}},"96":{"start":{"line":260,"column":24},"end":{"line":260,"column":37}},"97":{"start":{"line":261,"column":8},"end":{"line":263,"column":9}},"98":{"start":{"line":262,"column":10},"end":{"line":262,"column":33}},"99":{"start":{"line":266,"column":6},"end":{"line":266,"column":61}},"100":{"start":{"line":272,"column":4},"end":{"line":274,"column":5}},"101":{"start":{"line":273,"column":6},"end":{"line":273,"column":13}},"102":{"start":{"line":277,"column":24},"end":{"line":277,"column":42}},"103":{"start":{"line":278,"column":4},"end":{"line":278,"column":23}},"104":{"start":{"line":281,"column":4},"end":{"line":285,"column":7}},"105":{"start":{"line":282,"column":6},"end":{"line":284,"column":9}},"106":{"start":{"line":283,"column":8},"end":{"line":283,"column":53}},"107":{"start":{"line":302,"column":4},"end":{"line":307,"column":6}},"108":{"start":{"line":325,"column":4},"end":{"line":330,"column":6}},"109":{"start":{"line":348,"column":4},"end":{"line":353,"column":6}},"110":{"start":{"line":370,"column":4},"end":{"line":378,"column":6}},"111":{"start":{"line":383,"column":4},"end":{"line":386,"column":5}},"112":{"start":{"line":384,"column":6},"end":{"line":384,"column":40}},"113":{"start":{"line":385,"column":6},"end":{"line":385,"column":32}},"114":{"start":{"line":389,"column":4},"end":{"line":389,"column":25}},"115":{"start":{"line":91,"column":0},"end":{"line":91,"column":13}},"116":{"start":{"line":394,"column":13},"end":{"line":394,"column":51}}},"fnMap":{"0":{"name":"(anonymous_0)","decl":{"start":{"line":7,"column":0},"end":{"line":7,"column":12}},"loc":{"start":{"line":7,"column":20},"end":{"line":14,"column":1}}},"1":{"name":"(anonymous_1)","decl":{"start":{"line":17,"column":0},"end":{"line":17,"column":12}},"loc":{"start":{"line":17,"column":19},"end":{"line":27,"column":1}}},"2":{"name":"(anonymous_2)","decl":{"start":{"line":68,"column":22},"end":{"line":68,"column":33}},"loc":{"start":{"line":68,"column":35},"end":{"line":70,"column":1}}},"3":{"name":"(anonymous_3)","decl":{"start":{"line":73,"column":18},"end":{"line":73,"column":19}},"loc":{"start":{"line":73,"column":70},"end":{"line":76,"column":1}}},"4":{"name":"(anonymous_4)","decl":{"start":{"line":79,"column":25},"end":{"line":79,"column":26}},"loc":{"start":{"line":79,"column":54},"end":{"line":88,"column":1}}},"5":{"name":"(anonymous_5)","decl":{"start":{"line":96,"column":2},"end":{"line":96,"column":14}},"loc":{"start":{"line":96,"column":44},"end":{"line":106,"column":3}}},"6":{"name":"(anonymous_6)","decl":{"start":{"line":103,"column":37},"end":{"line":103,"column":40}},"loc":{"start":{"line":103,"column":42},"end":{"line":105,"column":5}}},"7":{"name":"(anonymous_7)","decl":{"start":{"line":108,"column":10},"end":{"line":108,"column":26}},"loc":{"start":{"line":108,"column":26},"end":{"line":122,"column":3}}},"8":{"name":"(anonymous_8)","decl":{"start":{"line":125,"column":9},"end":{"line":125,"column":12}},"loc":{"start":{"line":139,"column":5},"end":{"line":166,"column":3}}},"9":{"name":"(anonymous_9)","decl":{"start":{"line":169,"column":10},"end":{"line":169,"column":22}},"loc":{"start":{"line":169,"column":39},"end":{"line":192,"column":3}}},"10":{"name":"(anonymous_10)","decl":{"start":{"line":195,"column":10},"end":{"line":195,"column":15}},"loc":{"start":{"line":195,"column":42},"end":{"line":219,"column":3}}},"11":{"name":"(anonymous_11)","decl":{"start":{"line":222,"column":10},"end":{"line":222,"column":28}},"loc":{"start":{"line":222,"column":45},"end":{"line":242,"column":3}}},"12":{"name":"(anonymous_12)","decl":{"start":{"line":245,"column":10},"end":{"line":245,"column":27}},"loc":{"start":{"line":245,"column":67},"end":{"line":268,"column":3}}},"13":{"name":"(anonymous_13)","decl":{"start":{"line":252,"column":16},"end":{"line":252,"column":20}},"loc":{"start":{"line":252,"column":24},"end":{"line":252,"column":78}}},"14":{"name":"(anonymous_14)","decl":{"start":{"line":253,"column":13},"end":{"line":253,"column":17}},"loc":{"start":{"line":253,"column":21},"end":{"line":253,"column":47}}},"15":{"name":"(anonymous_15)","decl":{"start":{"line":254,"column":14},"end":{"line":254,"column":15}},"loc":{"start":{"line":254,"column":23},"end":{"line":256,"column":9}}},"16":{"name":"(anonymous_16)","decl":{"start":{"line":271,"column":10},"end":{"line":271,"column":23}},"loc":{"start":{"line":271,"column":23},"end":{"line":286,"column":3}}},"17":{"name":"(anonymous_17)","decl":{"start":{"line":281,"column":24},"end":{"line":281,"column":27}},"loc":{"start":{"line":281,"column":30},"end":{"line":285,"column":5}}},"18":{"name":"(anonymous_18)","decl":{"start":{"line":282,"column":32},"end":{"line":282,"column":37}},"loc":{"start":{"line":282,"column":40},"end":{"line":284,"column":7}}},"19":{"name":"(anonymous_19)","decl":{"start":{"line":289,"column":9},"end":{"line":289,"column":26}},"loc":{"start":{"line":300,"column":5},"end":{"line":308,"column":3}}},"20":{"name":"(anonymous_20)","decl":{"start":{"line":311,"column":9},"end":{"line":311,"column":25}},"loc":{"start":{"line":323,"column":5},"end":{"line":331,"column":3}}},"21":{"name":"(anonymous_21)","decl":{"start":{"line":334,"column":9},"end":{"line":334,"column":19}},"loc":{"start":{"line":346,"column":5},"end":{"line":354,"column":3}}},"22":{"name":"(anonymous_22)","decl":{"start":{"line":357,"column":9},"end":{"line":357,"column":29}},"loc":{"start":{"line":368,"column":5},"end":{"line":379,"column":3}}},"23":{"name":"(anonymous_23)","decl":{"start":{"line":382,"column":9},"end":{"line":382,"column":14}},"loc":{"start":{"line":382,"column":14},"end":{"line":390,"column":3}}}},"branchMap":{"0":{"loc":{"start":{"line":7,"column":12},"end":{"line":7,"column":null}},"type":"binary-expr","locations":[{"start":{"line":7,"column":12},"end":{"line":7,"column":20}},{"start":{"line":7,"column":20},"end":{"line":7,"column":null}}]},"1":{"loc":{"start":{"line":17,"column":12},"end":{"line":17,"column":null}},"type":"binary-expr","locations":[{"start":{"line":17,"column":12},"end":{"line":17,"column":19}},{"start":{"line":17,"column":19},"end":{"line":17,"column":null}}]},"2":{"loc":{"start":{"line":81,"column":19},"end":{"line":81,"column":88}},"type":"cond-expr","locations":[{"start":{"line":81,"column":32},"end":{"line":81,"column":83}},{"start":{"line":81,"column":86},"end":{"line":81,"column":88}}]},"3":{"loc":{"start":{"line":81,"column":58},"end":{"line":81,"column":79}},"type":"binary-expr","locations":[{"start":{"line":81,"column":58},"end":{"line":81,"column":70}},{"start":{"line":81,"column":74},"end":{"line":81,"column":79}}]},"4":{"loc":{"start":{"line":82,"column":22},"end":{"line":82,"column":73}},"type":"cond-expr","locations":[{"start":{"line":82,"column":38},"end":{"line":82,"column":68}},{"start":{"line":82,"column":71},"end":{"line":82,"column":73}}]},"5":{"loc":{"start":{"line":83,"column":23},"end":{"line":83,"column":73}},"type":"cond-expr","locations":[{"start":{"line":83,"column":38},"end":{"line":83,"column":68}},{"start":{"line":83,"column":71},"end":{"line":83,"column":73}}]},"6":{"loc":{"start":{"line":85,"column":18},"end":{"line":85,"column":79}},"type":"cond-expr","locations":[{"start":{"line":85,"column":32},"end":{"line":85,"column":74}},{"start":{"line":85,"column":77},"end":{"line":85,"column":79}}]},"7":{"loc":{"start":{"line":109,"column":4},"end":{"line":121,"column":5}},"type":"if","locations":[{"start":{"line":109,"column":4},"end":{"line":121,"column":5}},{"start":{},"end":{}}]},"8":{"loc":{"start":{"line":115,"column":8},"end":{"line":117,"column":9}},"type":"if","locations":[{"start":{"line":115,"column":8},"end":{"line":117,"column":9}},{"start":{},"end":{}}]},"9":{"loc":{"start":{"line":141,"column":4},"end":{"line":143,"column":5}},"type":"if","locations":[{"start":{"line":141,"column":4},"end":{"line":143,"column":5}},{"start":{},"end":{}}]},"10":{"loc":{"start":{"line":158,"column":4},"end":{"line":160,"column":5}},"type":"if","locations":[{"start":{"line":158,"column":4},"end":{"line":160,"column":5}},{"start":{},"end":{}}]},"11":{"loc":{"start":{"line":163,"column":4},"end":{"line":165,"column":5}},"type":"if","locations":[{"start":{"line":163,"column":4},"end":{"line":165,"column":5}},{"start":{},"end":{}}]},"12":{"loc":{"start":{"line":172,"column":4},"end":{"line":191,"column":5}},"type":"switch","locations":[{"start":{"line":173,"column":6},"end":{"line":175,"column":14}},{"start":{"line":176,"column":6},"end":{"line":178,"column":14}},{"start":{"line":179,"column":6},"end":{"line":181,"column":14}},{"start":{"line":182,"column":6},"end":{"line":182,"column":26}},{"start":{"line":183,"column":6},"end":{"line":185,"column":14}},{"start":{"line":186,"column":6},"end":{"line":188,"column":14}},{"start":{"line":189,"column":6},"end":{"line":190,"column":38}}]},"13":{"loc":{"start":{"line":196,"column":4},"end":{"line":198,"column":5}},"type":"if","locations":[{"start":{"line":196,"column":4},"end":{"line":198,"column":5}},{"start":{},"end":{}}]},"14":{"loc":{"start":{"line":228,"column":6},"end":{"line":238,"column":7}},"type":"if","locations":[{"start":{"line":228,"column":6},"end":{"line":238,"column":7}},{"start":{},"end":{}}]},"15":{"loc":{"start":{"line":252,"column":24},"end":{"line":252,"column":78}},"type":"binary-expr","locations":[{"start":{"line":252,"column":24},"end":{"line":252,"column":53}},{"start":{"line":252,"column":57},"end":{"line":252,"column":78}}]},"16":{"loc":{"start":{"line":261,"column":8},"end":{"line":263,"column":9}},"type":"if","locations":[{"start":{"line":261,"column":8},"end":{"line":263,"column":9}},{"start":{},"end":{}}]},"17":{"loc":{"start":{"line":272,"column":4},"end":{"line":274,"column":5}},"type":"if","locations":[{"start":{"line":272,"column":4},"end":{"line":274,"column":5}},{"start":{},"end":{}}]},"18":{"loc":{"start":{"line":303,"column":6},"end":{"line":303,"column":70}},"type":"cond-expr","locations":[{"start":{"line":303,"column":37},"end":{"line":303,"column":54}},{"start":{"line":303,"column":57},"end":{"line":303,"column":70}}]},"19":{"loc":{"start":{"line":326,"column":6},"end":{"line":326,"column":70}},"type":"cond-expr","locations":[{"start":{"line":326,"column":37},"end":{"line":326,"column":54}},{"start":{"line":326,"column":57},"end":{"line":326,"column":70}}]},"20":{"loc":{"start":{"line":349,"column":6},"end":{"line":349,"column":67}},"type":"cond-expr","locations":[{"start":{"line":349,"column":37},"end":{"line":349,"column":51}},{"start":{"line":349,"column":54},"end":{"line":349,"column":67}}]},"21":{"loc":{"start":{"line":383,"column":4},"end":{"line":386,"column":5}},"type":"if","locations":[{"start":{"line":383,"column":4},"end":{"line":386,"column":5}},{"start":{},"end":{}}]}},"s":{"0":0,"1":0,"2":0,"3":0,"4":0,"5":0,"6":0,"7":0,"8":0,"9":0,"10":0,"11":0,"12":0,"13":0,"14":0,"15":0,"16":0,"17":0,"18":0,"19":0,"20":0,"21":0,"22":0,"23":0,"24":0,"25":0,"26":0,"27":0,"28":0,"29":0,"30":0,"31":0,"32":0,"33":0,"34":0,"35":0,"36":0,"37":0,"38":0,"39":0,"40":0,"41":0,"42":0,"43":0,"44":0,"45":0,"46":0,"47":0,"48":0,"49":0,"50":0,"51":0,"52":0,"53":0,"54":0,"55":0,"56":0,"57":0,"58":0,"59":0,"60":0,"61":0,"62":0,"63":0,"64":0,"65":0,"66":0,"67":0,"68":0,"69":0,"70":0,"71":0,"72":0,"73":0,"74":0,"75":0,"76":0,"77":0,"78":0,"79":0,"80":0,"81":0,"82":0,"83":0,"84":0,"85":0,"86":0,"87":0,"88":0,"89":0,"90":0,"91":0,"92":0,"93":0,"94":0,"95":0,"96":0,"97":0,"98":0,"99":0,"100":0,"101":0,"102":0,"103":0,"104":0,"105":0,"106":0,"107":0,"108":0,"109":0,"110":0,"111":0,"112":0,"113":0,"114":0,"115":0,"116":0},"f":{"0":0,"1":0,"2":0,"3":0,"4":0,"5":0,"6":0,"7":0,"8":0,"9":0,"10":0,"11":0,"12":0,"13":0,"14":0,"15":0,"16":0,"17":0,"18":0,"19":0,"20":0,"21":0,"22":0,"23":0},"b":{"0":[0,0],"1":[0,0],"2":[0,0],"3":[0,0],"4":[0,0],"5":[0,0],"6":[0,0],"7":[0,0],"8":[0,0],"9":[0,0],"10":[0,0],"11":[0,0],"12":[0,0,0,0,0,0,0],"13":[0,0],"14":[0,0],"15":[0,0],"16":[0,0],"17":[0,0],"18":[0,0],"19":[0,0],"20":[0,0],"21":[0,0]}}
}
