TN:
SF:src\app\admin-secret.ts
FN:18,generateSecretKey
FN:31,getCurrentSecret
FN:47,validateSecret
FN:62,updateAdminSecret
FN:83,sendSecretUpdateEmail
FN:123,logLoginAttempt
FN:143,checkSecretUpdateNeeded
FN:157,initializeAdminSecret
FNF:8
FNH:0
FNDA:0,generateSecretKey
FNDA:0,getCurrentSecret
FNDA:0,validateSecret
FNDA:0,updateAdminSecret
FNDA:0,sendSecretUpdateEmail
FNDA:0,logLoginAttempt
FNDA:0,checkSecretUpdateNeeded
FNDA:0,initializeAdminSecret
DA:18,0
DA:19,0
DA:20,0
DA:21,0
DA:22,0
DA:24,0
DA:31,0
DA:32,0
DA:34,0
DA:35,0
DA:37,0
DA:38,0
DA:47,0
DA:48,0
DA:49,0
DA:50,0
DA:52,0
DA:53,0
DA:62,0
DA:63,0
DA:64,0
DA:70,0
DA:72,0
DA:74,0
DA:75,0
DA:83,0
DA:84,0
DA:85,0
DA:101,0
DA:109,0
DA:112,0
DA:115,0
DA:123,0
DA:131,0
DA:135,0
DA:143,0
DA:144,0
DA:147,0
DA:149,0
DA:150,0
DA:157,0
DA:158,0
DA:160,0
DA:161,0
DA:163,0
DA:165,0
DA:168,0
LF:47
LH:0
BRDA:18,0,0,0
BRDA:34,1,0,0
BRDA:34,1,1,0
BRDA:109,2,0,0
BRDA:109,2,1,0
BRDA:161,3,0,0
BRDA:161,3,1,0
BRDA:161,4,0,0
BRDA:161,4,1,0
BRF:9
BRH:0
end_of_record
TN:
SF:src\lib\prisma.ts
FNF:0
FNH:0
DA:1,0
DA:10,0
DA:11,0
DA:13,0
DA:14,0
DA:16,0
DA:19,0
LF:7
LH:0
BRDA:10,0,0,0
BRDA:10,0,1,0
BRDA:13,1,0,0
BRDA:13,1,1,0
BRF:4
BRH:0
end_of_record
TN:
SF:src\utils\admin-state-manager.ts
FN:23,(anonymous_0)
FN:43,(anonymous_1)
FN:55,(anonymous_2)
FN:67,(anonymous_3)
FN:85,(anonymous_4)
FN:87,(anonymous_5)
FN:93,(anonymous_6)
FN:105,(anonymous_7)
FN:135,(anonymous_8)
FN:140,(anonymous_9)
FN:145,(anonymous_10)
FN:158,(anonymous_11)
FNF:12
FNH:11
FNDA:10,(anonymous_0)
FNDA:6,(anonymous_1)
FNDA:2,(anonymous_2)
FNDA:4,(anonymous_3)
FNDA:1,(anonymous_4)
FNDA:1,(anonymous_5)
FNDA:4,(anonymous_6)
FNDA:0,(anonymous_7)
FNDA:3,(anonymous_8)
FNDA:2,(anonymous_9)
FNDA:1,(anonymous_10)
FNDA:1,(anonymous_11)
DA:3,1
DA:23,1
DA:24,10
DA:25,10
DA:26,10
DA:27,10
DA:30,7
DA:31,7
DA:34,2
DA:37,0
DA:38,0
DA:43,1
DA:44,6
DA:45,6
DA:46,6
DA:48,6
DA:50,0
DA:55,1
DA:56,2
DA:57,2
DA:58,2
DA:60,2
DA:62,0
DA:67,1
DA:68,4
DA:71,4
DA:72,6
DA:73,6
DA:74,5
DA:78,4
DA:80,0
DA:85,1
DA:86,1
DA:87,1
DA:88,1
DA:93,1
DA:94,4
DA:95,4
DA:96,2
DA:97,2
DA:100,2
DA:105,1
DA:106,0
DA:109,0
DA:110,0
DA:114,0
DA:116,0
DA:118,0
DA:120,0
DA:121,0
DA:126,0
DA:133,1
DA:136,3
DA:141,2
DA:146,1
DA:148,1
DA:149,1
DA:150,1
DA:153,1
DA:154,1
DA:159,1
LF:61
LH:47
BRDA:27,0,0,3
BRDA:27,0,1,7
BRDA:73,1,0,5
BRDA:73,1,1,1
BRDA:73,2,0,6
BRDA:73,2,1,6
BRDA:109,3,0,0
BRDA:109,3,1,0
BRDA:109,4,0,0
BRDA:109,4,1,0
BRDA:109,4,2,0
BRDA:114,5,0,0
BRDA:114,5,1,0
BRDA:114,6,0,0
BRDA:114,6,1,0
BRDA:128,7,0,0
BRDA:128,7,1,0
BRF:17
BRH:6
end_of_record
TN:
SF:src\utils\emailService.ts
FN:28,(anonymous_1)
FN:35,(anonymous_2)
FN:141,(anonymous_3)
FNF:3
FNH:0
FNDA:0,(anonymous_1)
FNDA:0,(anonymous_2)
FNDA:0,(anonymous_3)
DA:1,0
DA:4,0
DA:28,0
DA:29,0
DA:30,0
DA:31,0
DA:35,0
DA:40,0
DA:42,0
DA:46,0
DA:47,0
DA:48,0
DA:50,0
DA:51,0
DA:55,0
DA:57,0
DA:58,0
DA:62,0
DA:71,0
DA:72,0
DA:78,0
DA:81,0
DA:82,0
DA:85,0
DA:86,0
DA:90,0
DA:115,0
DA:117,0
DA:119,0
DA:122,0
DA:123,0
DA:124,0
DA:125,0
DA:126,0
DA:127,0
DA:129,0
DA:133,0
DA:141,0
DA:142,0
DA:143,0
DA:144,0
LF:41
LH:0
BRDA:11,0,0,0
BRDA:11,0,1,0
BRDA:12,1,0,0
BRDA:12,1,1,0
BRDA:21,2,0,0
BRDA:21,2,1,0
BRDA:22,3,0,0
BRDA:22,3,1,0
BRDA:30,4,0,0
BRDA:30,4,1,0
BRDA:38,5,0,0
BRDA:46,6,0,0
BRDA:46,6,1,0
BRDA:46,7,0,0
BRDA:46,7,1,0
BRDA:46,7,2,0
BRDA:47,8,0,0
BRDA:47,8,1,0
BRDA:50,9,0,0
BRDA:50,9,1,0
BRDA:57,10,0,0
BRDA:57,10,1,0
BRDA:65,11,0,0
BRDA:65,11,1,0
BRDA:65,12,0,0
BRDA:65,12,1,0
BRDA:65,13,0,0
BRDA:65,13,1,0
BRDA:66,14,0,0
BRDA:66,14,1,0
BRDA:66,15,0,0
BRDA:66,15,1,0
BRDA:66,16,0,0
BRDA:66,16,1,0
BRDA:71,17,0,0
BRDA:71,17,1,0
BRDA:71,18,0,0
BRDA:71,18,1,0
BRDA:86,19,0,0
BRDA:86,19,1,0
BRDA:123,20,0,0
BRDA:123,20,1,0
BRDA:124,21,0,0
BRDA:124,21,1,0
BRDA:126,22,0,0
BRDA:126,22,1,0
BRDA:143,23,0,0
BRDA:143,23,1,0
BRDA:143,24,0,0
BRDA:143,24,1,0
BRDA:144,25,0,0
BRDA:144,25,1,0
BRF:52
BRH:0
end_of_record
TN:
SF:src\utils\error-handler.ts
FN:7,(anonymous_0)
FN:61,(anonymous_1)
FN:74,(anonymous_2)
FN:79,(anonymous_3)
FN:110,(anonymous_4)
FN:133,(anonymous_5)
FN:169,(anonymous_6)
FN:178,(anonymous_7)
FNF:8
FNH:8
FNDA:1,(anonymous_0)
FNDA:13,(anonymous_1)
FNDA:4,(anonymous_2)
FNDA:5,(anonymous_3)
FNDA:3,(anonymous_4)
FNDA:2,(anonymous_5)
FNDA:2,(anonymous_6)
FNDA:6,(anonymous_7)
DA:7,1
DA:9,1
DA:10,1
DA:11,1
DA:12,1
DA:13,1
DA:14,1
DA:15,1
DA:16,1
DA:17,1
DA:18,1
DA:19,1
DA:20,1
DA:21,1
DA:24,1
DA:25,1
DA:26,1
DA:27,1
DA:30,1
DA:31,1
DA:32,1
DA:33,1
DA:34,1
DA:37,1
DA:38,1
DA:39,1
DA:40,1
DA:43,1
DA:44,1
DA:60,1
DA:62,13
DA:64,13
DA:65,13
DA:67,13
DA:68,13
DA:69,13
DA:74,1
DA:75,4
DA:79,1
DA:80,5
DA:81,5
DA:83,5
DA:84,3
DA:97,2
DA:110,1
DA:114,3
DA:115,3
DA:117,2
DA:120,2
DA:122,2
DA:133,1
DA:134,2
DA:165,2
DA:169,1
DA:170,2
DA:178,1
DA:179,6
DA:180,6
DA:183,6
DA:184,5
DA:186,1
DA:187,1
DA:188,1
DA:191,2
DA:192,2
DA:193,2
DA:195,1
DA:196,1
DA:197,1
DA:199,1
DA:203,6
LF:71
LH:71
BRDA:7,0,0,1
BRDA:7,0,1,1
BRDA:81,1,0,5
BRDA:81,1,1,4
BRDA:83,2,0,3
BRDA:83,2,1,2
BRDA:91,3,0,3
BRDA:91,3,1,2
BRDA:101,4,0,2
BRDA:101,4,1,0
BRDA:102,5,0,0
BRDA:102,5,1,2
BRDA:165,6,0,2
BRDA:165,6,1,0
BRDA:183,7,0,5
BRDA:183,7,1,1
BRDA:184,8,0,1
BRDA:184,8,1,1
BRDA:184,8,2,2
BRDA:184,8,3,1
BRDA:184,8,4,1
BRDA:203,9,0,0
BRDA:203,9,1,6
BRF:23
BRH:19
end_of_record
TN:
SF:src\utils\security-logger.ts
FN:7,(anonymous_0)
FN:17,(anonymous_1)
FN:68,(anonymous_2)
FN:73,(anonymous_3)
FN:79,(anonymous_4)
FN:96,(anonymous_5)
FN:103,(anonymous_6)
FN:108,(anonymous_7)
FN:125,(anonymous_8)
FN:169,(anonymous_9)
FN:195,(anonymous_10)
FN:222,(anonymous_11)
FN:245,(anonymous_12)
FN:252,(anonymous_13)
FN:253,(anonymous_14)
FN:254,(anonymous_15)
FN:271,(anonymous_16)
FN:281,(anonymous_17)
FN:282,(anonymous_18)
FN:289,(anonymous_19)
FN:311,(anonymous_20)
FN:334,(anonymous_21)
FN:357,(anonymous_22)
FN:382,(anonymous_23)
FNF:24
FNH:0
FNDA:0,(anonymous_0)
FNDA:0,(anonymous_1)
FNDA:0,(anonymous_2)
FNDA:0,(anonymous_3)
FNDA:0,(anonymous_4)
FNDA:0,(anonymous_5)
FNDA:0,(anonymous_6)
FNDA:0,(anonymous_7)
FNDA:0,(anonymous_8)
FNDA:0,(anonymous_9)
FNDA:0,(anonymous_10)
FNDA:0,(anonymous_11)
FNDA:0,(anonymous_12)
FNDA:0,(anonymous_13)
FNDA:0,(anonymous_14)
FNDA:0,(anonymous_15)
FNDA:0,(anonymous_16)
FNDA:0,(anonymous_17)
FNDA:0,(anonymous_18)
FNDA:0,(anonymous_19)
FNDA:0,(anonymous_20)
FNDA:0,(anonymous_21)
FNDA:0,(anonymous_22)
FNDA:0,(anonymous_23)
DA:7,0
DA:8,0
DA:9,0
DA:10,0
DA:11,0
DA:12,0
DA:13,0
DA:17,0
DA:18,0
DA:19,0
DA:20,0
DA:21,0
DA:22,0
DA:23,0
DA:24,0
DA:25,0
DA:26,0
DA:58,0
DA:68,0
DA:69,0
DA:73,0
DA:74,0
DA:75,0
DA:79,0
DA:80,0
DA:81,0
DA:82,0
DA:83,0
DA:84,0
DA:85,0
DA:87,0
DA:91,0
DA:93,0
DA:94,0
DA:97,0
DA:100,0
DA:103,0
DA:104,0
DA:109,0
DA:110,0
DA:111,0
DA:112,0
DA:114,0
DA:115,0
DA:116,0
DA:119,0
DA:141,0
DA:142,0
DA:145,0
DA:155,0
DA:158,0
DA:159,0
DA:163,0
DA:164,0
DA:170,0
DA:172,0
DA:174,0
DA:175,0
DA:177,0
DA:178,0
DA:180,0
DA:181,0
DA:184,0
DA:185,0
DA:187,0
DA:188,0
DA:190,0
DA:196,0
DA:197,0
DA:200,0
DA:201,0
DA:202,0
DA:205,0
DA:206,0
DA:207,0
DA:209,0
DA:212,0
DA:215,0
DA:217,0
DA:223,0
DA:224,0
DA:225,0
DA:227,0
DA:228,0
DA:230,0
DA:231,0
DA:234,0
DA:237,0
DA:240,0
DA:246,0
DA:247,0
DA:248,0
DA:251,0
DA:252,0
DA:253,0
DA:255,0
DA:259,0
DA:260,0
DA:261,0
DA:262,0
DA:266,0
DA:272,0
DA:273,0
DA:277,0
DA:278,0
DA:281,0
DA:282,0
DA:283,0
DA:302,0
DA:325,0
DA:348,0
DA:370,0
DA:383,0
DA:384,0
DA:385,0
DA:389,0
DA:394,0
LF:117
LH:0
BRDA:7,0,0,0
BRDA:7,0,1,0
BRDA:17,1,0,0
BRDA:17,1,1,0
BRDA:81,2,0,0
BRDA:81,2,1,0
BRDA:81,3,0,0
BRDA:81,3,1,0
BRDA:82,4,0,0
BRDA:82,4,1,0
BRDA:83,5,0,0
BRDA:83,5,1,0
BRDA:85,6,0,0
BRDA:85,6,1,0
BRDA:109,7,0,0
BRDA:109,7,1,0
BRDA:115,8,0,0
BRDA:115,8,1,0
BRDA:141,9,0,0
BRDA:141,9,1,0
BRDA:158,10,0,0
BRDA:158,10,1,0
BRDA:163,11,0,0
BRDA:163,11,1,0
BRDA:172,12,0,0
BRDA:172,12,1,0
BRDA:172,12,2,0
BRDA:172,12,3,0
BRDA:172,12,4,0
BRDA:172,12,5,0
BRDA:172,12,6,0
BRDA:196,13,0,0
BRDA:196,13,1,0
BRDA:228,14,0,0
BRDA:228,14,1,0
BRDA:252,15,0,0
BRDA:252,15,1,0
BRDA:261,16,0,0
BRDA:261,16,1,0
BRDA:272,17,0,0
BRDA:272,17,1,0
BRDA:303,18,0,0
BRDA:303,18,1,0
BRDA:326,19,0,0
BRDA:326,19,1,0
BRDA:349,20,0,0
BRDA:349,20,1,0
BRDA:383,21,0,0
BRDA:383,21,1,0
BRF:49
BRH:0
end_of_record
